<?xml version="1.0" encoding="UTF-8"?>
<testng-results ignored="0" total="1" passed="1" failed="0" skipped="0">
  <reporter-output>
  </reporter-output>
  <suite started-at="2026-09-14T03:27:38 IST" name="Suite" finished-at="2026-09-14T03:27:39 IST" duration-ms="1268">
    <groups>
    </groups>
    <test started-at="2026-09-14T03:27:38 IST" name="Test" finished-at="2026-09-14T03:27:39 IST" duration-ms="1268">
      <class name="com.opencart.tests.HybridTest">
        <test-method signature="verifyHybridFlow()[pri:0, instance:com.opencart.tests.HybridTest@7ed7259e]" started-at="2026-09-14T03:27:38 IST" name="verifyHybridFlow" finished-at="2026-09-14T03:27:39 IST" duration-ms="1159" status="PASS">
          <reporter-output>
          </reporter-output>
        </test-method> <!-- verifyHybridFlow -->
      </class> <!-- com.opencart.tests.HybridTest -->
    </test> <!-- Test -->
  </suite> <!-- Suite -->
</testng-results>
